[LOG] FMOD_System_Create                       : Header version = 2.03.14. Current version = 2.03.14.
[LOG] system_create                            : Header version = 2.03.14. Current version = 2.03.14.
[LOG] SystemI::setOutputInternal               : Setting output to 'FMOD Core Audio Output'
[LOG] Manager::init                            : maxchannels = 256 studioflags = 00000006 flags 00000000 extradriverdata 0x0.
[LOG] SystemI::init                            : Initialize version=20314 (164239), maxchannels=256, flags=0x00020000
[LOG] OutputCoreAudio::init                    : Output running 2 channels at 44100Hz sample rate.
[LOG] OutputCoreAudio::init                    : Maximum hardware read size: 512 samples, Software buffer size: 512 samples, Number of software buffers: 4.
[LOG] SystemI::init                            : Output requires a sample rate of 44100Hz, resampling will occur.
[LOG] Thread::initThread                       : Init FMOD stream thread. Affinity: 0x4000000000000003, Priority: 0xFFFF7FFB, Stack Size: 98304, Semaphore: No, Sleep Time: 10, Looping: Yes.
[LOG] SystemI::DSPCodecPoolRegister            : register codec pool for pool type 0
[LOG] Thread::initThread                       : Init FMOD mixer thread. Affinity: 0x4000000000000001, Priority: 0xFFFF7FFA, Stack Size: 81920, Semaphore: Yes, Sleep Time: 0, Looping: Yes.
[LOG] AsyncManager::init                       : manager 0x3b87ac808 isAsync 0 updatePeriod 0.02
[LOG] AsyncManager::init                       : done
[LOG] PlaybackSystem::init                     : 
[LOG] Thread::initThread                       : Init FMOD Studio sample load thread. Affinity: 0x4000000000000003, Priority: 0xFFFF7FFD, Stack Size: 98304, Semaphore: No, Sleep Time: 1, Looping: No.
[LOG] PlaybackSystem::init                     : done
[LOG] Thread::initThread                       : Init FMOD Studio bank load thread. Affinity: 0x4000000000000003, Priority: 0xFFFF7FFD, Stack Size: 98304, Semaphore: No, Sleep Time: 1, Looping: No.
[LOG] Manager::init                            : done.
[LOG] BankLoader::serializeBank                : fileversion = 146, compatVersion = 146 (oldest = 44, newest = 146)
[LOG] BankLoader::serializeBank                : fileversion = 146, compatVersion = 146 (oldest = 44, newest = 146)
[LOG] BankLoader::serializeBank                : fileversion = 146, compatVersion = 146 (oldest = 44, newest = 146)
[LOG] BankLoader::serializeBank                : fileversion = 146, compatVersion = 146 (oldest = 44, newest = 146)
[LOG] PlaybackSystem::acquireMasterBus         : Setting master channel group format to 6
[LOG] BankLoader::serializeBank                : fileversion = 146, compatVersion = 146 (oldest = 44, newest = 146)
[LOG] PlaybackSystem::acquireMasterBus         : Setting master channel group format to 6
[LOG] BankLoader::serializeBank                : fileversion = 146, compatVersion = 146 (oldest = 44, newest = 146)
[LOG] BankLoader::serializeBank                : fileversion = 146, compatVersion = 146 (oldest = 44, newest = 146)
[LOG] PlaybackSystem::acquireMasterBus         : Setting master channel group format to 6
[LOG] BankLoader::serializeBank                : fileversion = 146, compatVersion = 146 (oldest = 44, newest = 146)
[LOG] Manager::finishLoadBank                  : Bank with guid {a8d193f7-320e-436c-b5c9-2f96b3ee370b} has already been loaded
[LOG] SystemI::createSoundInternal             : Create name='', mode=0x02000202
[LOG] SystemI::createSoundInternal             : exinfo->cbsize             = 224
[LOG] SystemI::createSoundInternal             : exinfo->length             = 17260352
[LOG] SystemI::createSoundInternal             : exinfo->fileoffset         = 37984
[LOG] SystemI::createSoundInternal             : exinfo->numsubsounds       = 1
[LOG] SystemI::createSoundInternal             : exinfo->inclusionlist      = 0x16d71a7c4
[LOG] SystemI::createSoundInternal             : exinfo->inclusionlistnum   = 1
[LOG] SystemI::createSoundInternal             : exinfo->suggestedsoundtype = 5
[LOG] SystemI::createSoundInternal             : exinfo->useropen           = 0x3a5deb694
[LOG] SystemI::createSoundInternal             : exinfo->userclose          = 0x3a5deb768
[LOG] SystemI::createSoundInternal             : exinfo->userread           = 0x3a5deb7a4
[LOG] SystemI::createSoundInternal             : exinfo->userseek           = 0x3a5deb874
[LOG] SystemI::createSoundInternal             : exinfo->fileuserdata       = 0x1456d89d8
[LOG] SystemI::createSoundInternal             : exinfo->initialseekpostype = 1
[LOG] SystemI::DSPCodecPoolRegister            : register codec pool for pool type 4
[LOG] SystemI::createSoundInternal             : Sample 0/1: name='Dialogue_Frog_03', format=5, channels=2, frequency=48000, lengthbytes=3392, lengthpcm=16722, pcmblocksize=0, loopstart=0, loopend=0, mode=0x00000000, channelmask=0x00000000, channelorder=0, peakvolume=0.846100.
[LOG] SystemI::createSoundInternal             : Create name='', mode=0x02000202
[LOG] SystemI::createSoundInternal             : exinfo->cbsize             = 224
[LOG] SystemI::createSoundInternal             : exinfo->length             = 17260352
[LOG] SystemI::createSoundInternal             : exinfo->fileoffset         = 37984
[LOG] SystemI::createSoundInternal             : exinfo->numsubsounds       = 1
[LOG] SystemI::createSoundInternal             : exinfo->inclusionlist      = 0x16d71a7c4
[LOG] SystemI::createSoundInternal             : exinfo->inclusionlistnum   = 1
[LOG] SystemI::createSoundInternal             : exinfo->suggestedsoundtype = 5
[LOG] SystemI::createSoundInternal             : exinfo->useropen           = 0x3a5deb694
[LOG] SystemI::createSoundInternal             : exinfo->userclose          = 0x3a5deb768
[LOG] SystemI::createSoundInternal             : exinfo->userread           = 0x3a5deb7a4
[LOG] SystemI::createSoundInternal             : exinfo->userseek           = 0x3a5deb874
[LOG] SystemI::createSoundInternal             : exinfo->fileuserdata       = 0x1456d89d8
[LOG] SystemI::createSoundInternal             : exinfo->initialseekpostype = 1
[LOG] SystemI::DSPCodecPoolRegister            : register codec pool for pool type 4
[LOG] SystemI::createSoundInternal             : Sample 0/1: name='Dialogue_Frog_08', format=5, channels=2, frequency=48000, lengthbytes=2336, lengthpcm=10284, pcmblocksize=0, loopstart=0, loopend=0, mode=0x00000000, channelmask=0x00000000, channelorder=0, peakvolume=0.566254.
[LOG] SystemI::createSoundInternal             : Create name='', mode=0x02000202
[LOG] SystemI::createSoundInternal             : exinfo->cbsize             = 224
[LOG] SystemI::createSoundInternal             : exinfo->length             = 17260352
[LOG] SystemI::createSoundInternal             : exinfo->fileoffset         = 37984
[LOG] SystemI::createSoundInternal             : exinfo->numsubsounds       = 1
[LOG] SystemI::createSoundInternal             : exinfo->inclusionlist      = 0x16d71a7c4
[LOG] SystemI::createSoundInternal             : exinfo->inclusionlistnum   = 1
[LOG] SystemI::createSoundInternal             : exinfo->suggestedsoundtype = 5
[LOG] SystemI::createSoundInternal             : exinfo->useropen           = 0x3a5deb694
[LOG] SystemI::createSoundInternal             : exinfo->userclose          = 0x3a5deb768
[LOG] SystemI::createSoundInternal             : exinfo->userread           = 0x3a5deb7a4
[LOG] SystemI::createSoundInternal             : exinfo->userseek           = 0x3a5deb874
[LOG] SystemI::createSoundInternal             : exinfo->fileuserdata       = 0x1456d89d8
[LOG] SystemI::createSoundInternal             : exinfo->initialseekpostype = 1
[LOG] SystemI::DSPCodecPoolRegister            : register codec pool for pool type 4
[LOG] SystemI::createSoundInternal             : Sample 0/1: name='Dialogue_Frog_02', format=5, channels=2, frequency=48000, lengthbytes=2720, lengthpcm=12253, pcmblocksize=0, loopstart=0, loopend=0, mode=0x00000000, channelmask=0x00000000, channelorder=0, peakvolume=0.360046.
[LOG] SystemI::createSoundInternal             : Create name='', mode=0x02000202
[LOG] SystemI::createSoundInternal             : exinfo->cbsize             = 224
[LOG] SystemI::createSoundInternal             : exinfo->length             = 17260352
[LOG] SystemI::createSoundInternal             : exinfo->fileoffset         = 37984
[LOG] SystemI::createSoundInternal             : exinfo->numsubsounds       = 1
[LOG] SystemI::createSoundInternal             : exinfo->inclusionlist      = 0x16d71a7c4
[LOG] SystemI::createSoundInternal             : exinfo->inclusionlistnum   = 1
[LOG] SystemI::createSoundInternal             : exinfo->suggestedsoundtype = 5
[LOG] SystemI::createSoundInternal             : exinfo->useropen           = 0x3a5deb694
[LOG] SystemI::createSoundInternal             : exinfo->userclose          = 0x3a5deb768
[LOG] SystemI::createSoundInternal             : exinfo->userread           = 0x3a5deb7a4
[LOG] SystemI::createSoundInternal             : exinfo->userseek           = 0x3a5deb874
[LOG] SystemI::createSoundInternal             : exinfo->fileuserdata       = 0x1456d89d8
[LOG] SystemI::createSoundInternal             : exinfo->initialseekpostype = 1
[LOG] SystemI::DSPCodecPoolRegister            : register codec pool for pool type 4
[LOG] SystemI::createSoundInternal             : Sample 0/1: name='Dialogue_Frog_06', format=5, channels=2, frequency=48000, lengthbytes=5952, lengthpcm=27822, pcmblocksize=0, loopstart=0, loopend=0, mode=0x00000000, channelmask=0x00000000, channelorder=0, peakvolume=0.383789.
[LOG] SystemI::createSoundInternal             : Create name='', mode=0x02000202
[LOG] SystemI::createSoundInternal             : exinfo->cbsize             = 224
[LOG] SystemI::createSoundInternal             : exinfo->length             = 17260352
[LOG] SystemI::createSoundInternal             : exinfo->fileoffset         = 37984
[LOG] SystemI::createSoundInternal             : exinfo->numsubsounds       = 1
[LOG] SystemI::createSoundInternal             : exinfo->inclusionlist      = 0x16d71a7c4
[LOG] SystemI::createSoundInternal             : exinfo->inclusionlistnum   = 1
[LOG] SystemI::createSoundInternal             : exinfo->suggestedsoundtype = 5
[LOG] SystemI::createSoundInternal             : exinfo->useropen           = 0x3a5deb694
[LOG] SystemI::createSoundInternal             : exinfo->userclose          = 0x3a5deb768
[LOG] SystemI::createSoundInternal             : exinfo->userread           = 0x3a5deb7a4
[LOG] SystemI::createSoundInternal             : exinfo->userseek           = 0x3a5deb874
[LOG] SystemI::createSoundInternal             : exinfo->fileuserdata       = 0x1456d89d8
[LOG] SystemI::createSoundInternal             : exinfo->initialseekpostype = 1
[LOG] SystemI::DSPCodecPoolRegister            : register codec pool for pool type 4
[LOG] SystemI::createSoundInternal             : Sample 0/1: name='Dialogue_Frog_07', format=5, channels=2, frequency=48000, lengthbytes=6048, lengthpcm=22188, pcmblocksize=0, loopstart=0, loopend=0, mode=0x00000000, channelmask=0x00000000, channelorder=0, peakvolume=0.215820.
[LOG] SystemI::createSoundInternal             : Create name='', mode=0x02000202
[LOG] SystemI::createSoundInternal             : exinfo->cbsize             = 224
[LOG] SystemI::createSoundInternal             : exinfo->length             = 17260352
[LOG] SystemI::createSoundInternal             : exinfo->fileoffset         = 37984
[LOG] SystemI::createSoundInternal             : exinfo->numsubsounds       = 1
[LOG] SystemI::createSoundInternal             : exinfo->inclusionlist      = 0x16d71a7c4
[LOG] SystemI::createSoundInternal             : exinfo->inclusionlistnum   = 1
[LOG] SystemI::createSoundInternal             : exinfo->suggestedsoundtype = 5
[LOG] SystemI::createSoundInternal             : exinfo->useropen           = 0x3a5deb694
[LOG] SystemI::createSoundInternal             : exinfo->userclose          = 0x3a5deb768
[LOG] SystemI::createSoundInternal             : exinfo->userread           = 0x3a5deb7a4
[LOG] SystemI::createSoundInternal             : exinfo->userseek           = 0x3a5deb874
[LOG] SystemI::createSoundInternal             : exinfo->fileuserdata       = 0x1456d89d8
[LOG] SystemI::createSoundInternal             : exinfo->initialseekpostype = 1
[LOG] SystemI::DSPCodecPoolRegister            : register codec pool for pool type 4
[LOG] SystemI::createSoundInternal             : Sample 0/1: name='Dialogue_Frog_12', format=5, channels=2, frequency=48000, lengthbytes=3488, lengthpcm=15619, pcmblocksize=0, loopstart=0, loopend=0, mode=0x00000000, channelmask=0x00000000, channelorder=0, peakvolume=0.241852.
[LOG] SystemI::createSoundInternal             : Create name='', mode=0x02000202
[LOG] SystemI::createSoundInternal             : exinfo->cbsize             = 224
[LOG] SystemI::createSoundInternal             : exinfo->length             = 17260352
[LOG] SystemI::createSoundInternal             : exinfo->fileoffset         = 37984
[LOG] SystemI::createSoundInternal             : exinfo->numsubsounds       = 1
[LOG] SystemI::createSoundInternal             : exinfo->inclusionlist      = 0x16d71a7c4
[LOG] SystemI::createSoundInternal             : exinfo->inclusionlistnum   = 1
[LOG] SystemI::createSoundInternal             : exinfo->suggestedsoundtype = 5
[LOG] SystemI::createSoundInternal             : exinfo->useropen           = 0x3a5deb694
[LOG] SystemI::createSoundInternal             : exinfo->userclose          = 0x3a5deb768
[LOG] SystemI::createSoundInternal             : exinfo->userread           = 0x3a5deb7a4
[LOG] SystemI::createSoundInternal             : exinfo->userseek           = 0x3a5deb874
[LOG] SystemI::createSoundInternal             : exinfo->fileuserdata       = 0x1456d89d8
[LOG] SystemI::createSoundInternal             : exinfo->initialseekpostype = 1
[LOG] SystemI::DSPCodecPoolRegister            : register codec pool for pool type 4
[LOG] SystemI::createSoundInternal             : Sample 0/1: name='Dialogue_Frog_04', format=5, channels=2, frequency=48000, lengthbytes=2176, lengthpcm=10021, pcmblocksize=0, loopstart=0, loopend=0, mode=0x00000000, channelmask=0x00000000, channelorder=0, peakvolume=0.799500.
[LOG] SystemI::createSoundInternal             : Create name='', mode=0x02000202
[LOG] SystemI::createSoundInternal             : exinfo->cbsize             = 224
[LOG] SystemI::createSoundInternal             : exinfo->length             = 17260352
[LOG] SystemI::createSoundInternal             : exinfo->fileoffset         = 37984
[LOG] SystemI::createSoundInternal             : exinfo->numsubsounds       = 1
[LOG] SystemI::createSoundInternal             : exinfo->inclusionlist      = 0x16d71a7c4
[LOG] SystemI::createSoundInternal             : exinfo->inclusionlistnum   = 1
[LOG] SystemI::createSoundInternal             : exinfo->suggestedsoundtype = 5
[LOG] SystemI::createSoundInternal             : exinfo->useropen           = 0x3a5deb694
[LOG] SystemI::createSoundInternal             : exinfo->userclose          = 0x3a5deb768
[LOG] SystemI::createSoundInternal             : exinfo->userread           = 0x3a5deb7a4
[LOG] SystemI::createSoundInternal             : exinfo->userseek           = 0x3a5deb874
[LOG] SystemI::createSoundInternal             : exinfo->fileuserdata       = 0x1456d89d8
[LOG] SystemI::createSoundInternal             : exinfo->initialseekpostype = 1
[LOG] SystemI::DSPCodecPoolRegister            : register codec pool for pool type 4
[LOG] SystemI::createSoundInternal             : Sample 0/1: name='Dialogue_Frog_01', format=5, channels=2, frequency=48000, lengthbytes=5152, lengthpcm=19457, pcmblocksize=0, loopstart=0, loopend=0, mode=0x00000000, channelmask=0x00000000, channelorder=0, peakvolume=0.228668.
[LOG] SystemI::createSoundInternal             : Create name='', mode=0x02000202
[LOG] SystemI::createSoundInternal             : exinfo->cbsize             = 224
[LOG] SystemI::createSoundInternal             : exinfo->length             = 17260352
[LOG] SystemI::createSoundInternal             : exinfo->fileoffset         = 37984
[LOG] SystemI::createSoundInternal             : exinfo->numsubsounds       = 1
[LOG] SystemI::createSoundInternal             : exinfo->inclusionlist      = 0x16d71a7c4
[LOG] SystemI::createSoundInternal             : exinfo->inclusionlistnum   = 1
[LOG] SystemI::createSoundInternal             : exinfo->suggestedsoundtype = 5
[LOG] SystemI::createSoundInternal             : exinfo->useropen           = 0x3a5deb694
[LOG] SystemI::createSoundInternal             : exinfo->userclose          = 0x3a5deb768
[LOG] SystemI::createSoundInternal             : exinfo->userread           = 0x3a5deb7a4
[LOG] SystemI::createSoundInternal             : exinfo->userseek           = 0x3a5deb874
[LOG] SystemI::createSoundInternal             : exinfo->fileuserdata       = 0x1456d89d8
[LOG] SystemI::createSoundInternal             : exinfo->initialseekpostype = 1
[LOG] SystemI::DSPCodecPoolRegister            : register codec pool for pool type 4
[LOG] SystemI::createSoundInternal             : Sample 0/1: name='Dialogue_Frog_05', format=5, channels=2, frequency=48000, lengthbytes=2464, lengthpcm=11650, pcmblocksize=0, loopstart=0, loopend=0, mode=0x00000000, channelmask=0x00000000, channelorder=0, peakvolume=0.926880.
[LOG] SystemI::createSoundInternal             : Create name='', mode=0x02000202
[LOG] SystemI::createSoundInternal             : exinfo->cbsize             = 224
[LOG] SystemI::createSoundInternal             : exinfo->length             = 17260352
[LOG] SystemI::createSoundInternal             : exinfo->fileoffset         = 37984
[LOG] SystemI::createSoundInternal             : exinfo->numsubsounds       = 1
[LOG] SystemI::createSoundInternal             : exinfo->inclusionlist      = 0x16d71a7c4
[LOG] SystemI::createSoundInternal             : exinfo->inclusionlistnum   = 1
[LOG] SystemI::createSoundInternal             : exinfo->suggestedsoundtype = 5
[LOG] SystemI::createSoundInternal             : exinfo->useropen           = 0x3a5deb694
[LOG] SystemI::createSoundInternal             : exinfo->userclose          = 0x3a5deb768
[LOG] SystemI::createSoundInternal             : exinfo->userread           = 0x3a5deb7a4
[LOG] SystemI::createSoundInternal             : exinfo->userseek           = 0x3a5deb874
[LOG] SystemI::createSoundInternal             : exinfo->fileuserdata       = 0x1456d89d8
[LOG] SystemI::createSoundInternal             : exinfo->initialseekpostype = 1
[LOG] SystemI::DSPCodecPoolRegister            : register codec pool for pool type 4
[LOG] SystemI::createSoundInternal             : Sample 0/1: name='Dialogue_Frog_10', format=5, channels=2, frequency=48000, lengthbytes=3072, lengthpcm=13048, pcmblocksize=0, loopstart=0, loopend=0, mode=0x00000000, channelmask=0x00000000, channelorder=0, peakvolume=0.333069.
[LOG] SystemI::createSoundInternal             : Create name='', mode=0x02000202
[LOG] SystemI::createSoundInternal             : exinfo->cbsize             = 224
[LOG] SystemI::createSoundInternal             : exinfo->length             = 17260352
[LOG] SystemI::createSoundInternal             : exinfo->fileoffset         = 37984
[LOG] SystemI::createSoundInternal             : exinfo->numsubsounds       = 1
[LOG] SystemI::createSoundInternal             : exinfo->inclusionlist      = 0x16d71a7c4
[LOG] SystemI::createSoundInternal             : exinfo->inclusionlistnum   = 1
[LOG] SystemI::createSoundInternal             : exinfo->suggestedsoundtype = 5
[LOG] SystemI::createSoundInternal             : exinfo->useropen           = 0x3a5deb694
[LOG] SystemI::createSoundInternal             : exinfo->userclose          = 0x3a5deb768
[LOG] SystemI::createSoundInternal             : exinfo->userread           = 0x3a5deb7a4
[LOG] SystemI::createSoundInternal             : exinfo->userseek           = 0x3a5deb874
[LOG] SystemI::createSoundInternal             : exinfo->fileuserdata       = 0x1456d89d8
[LOG] SystemI::createSoundInternal             : exinfo->initialseekpostype = 1
[LOG] SystemI::DSPCodecPoolRegister            : register codec pool for pool type 4
[LOG] SystemI::createSoundInternal             : Sample 0/1: name='Dialogue_Frog_11', format=5, channels=2, frequency=48000, lengthbytes=4800, lengthpcm=17480, pcmblocksize=0, loopstart=0, loopend=0, mode=0x00000000, channelmask=0x00000000, channelorder=0, peakvolume=0.345032.
[LOG] SystemI::createSoundInternal             : Create name='', mode=0x02000202
[LOG] SystemI::createSoundInternal             : exinfo->cbsize             = 224
[LOG] SystemI::createSoundInternal             : exinfo->length             = 17260352
[LOG] SystemI::createSoundInternal             : exinfo->fileoffset         = 37984
[LOG] SystemI::createSoundInternal             : exinfo->numsubsounds       = 1
[LOG] SystemI::createSoundInternal             : exinfo->inclusionlist      = 0x16d71a7c4
[LOG] SystemI::createSoundInternal             : exinfo->inclusionlistnum   = 1
[LOG] SystemI::createSoundInternal             : exinfo->suggestedsoundtype = 5
[LOG] SystemI::createSoundInternal             : exinfo->useropen           = 0x3a5deb694
[LOG] SystemI::createSoundInternal             : exinfo->userclose          = 0x3a5deb768
[LOG] SystemI::createSoundInternal             : exinfo->userread           = 0x3a5deb7a4
[LOG] SystemI::createSoundInternal             : exinfo->userseek           = 0x3a5deb874
[LOG] SystemI::createSoundInternal             : exinfo->fileuserdata       = 0x1456d89d8
[LOG] SystemI::createSoundInternal             : exinfo->initialseekpostype = 1
[LOG] SystemI::DSPCodecPoolRegister            : register codec pool for pool type 4
[LOG] SystemI::createSoundInternal             : Sample 0/1: name='Dialogue_Frog_09', format=5, channels=2, frequency=48000, lengthbytes=4352, lengthpcm=19698, pcmblocksize=0, loopstart=0, loopend=0, mode=0x00000000, channelmask=0x00000000, channelorder=0, peakvolume=0.405304.
[LOG] SystemI::createSoundInternal             : Create name='', mode=0x02000202
[LOG] SystemI::createSoundInternal             : exinfo->cbsize             = 224
[LOG] SystemI::createSoundInternal             : exinfo->length             = 17260352
[LOG] SystemI::createSoundInternal             : exinfo->fileoffset         = 37984
[LOG] SystemI::createSoundInternal             : exinfo->numsubsounds       = 1
[LOG] SystemI::createSoundInternal             : exinfo->inclusionlist      = 0x16d71a7c4
[LOG] SystemI::createSoundInternal             : exinfo->inclusionlistnum   = 1
[LOG] SystemI::createSoundInternal             : exinfo->suggestedsoundtype = 5
[LOG] SystemI::createSoundInternal             : exinfo->useropen           = 0x3a5deb694
[LOG] SystemI::createSoundInternal             : exinfo->userclose          = 0x3a5deb768
[LOG] SystemI::createSoundInternal             : exinfo->userread           = 0x3a5deb7a4
[LOG] SystemI::createSoundInternal             : exinfo->userseek           = 0x3a5deb874
[LOG] SystemI::createSoundInternal             : exinfo->fileuserdata       = 0x162de0e08
[LOG] SystemI::createSoundInternal             : exinfo->initialseekpostype = 1
[LOG] SystemI::DSPCodecPoolRegister            : register codec pool for pool type 4
[LOG] SystemI::createSoundInternal             : Sample 0/1: name='Dialogue_Owl_06', format=5, channels=2, frequency=48000, lengthbytes=5696, lengthpcm=24477, pcmblocksize=0, loopstart=0, loopend=0, mode=0x00000000, channelmask=0x00000000, channelorder=0, peakvolume=0.055634.
[LOG] SystemI::createSoundInternal             : Create name='', mode=0x02000202
[LOG] SystemI::createSoundInternal             : exinfo->cbsize             = 224
[LOG] SystemI::createSoundInternal             : exinfo->length             = 17260352
[LOG] SystemI::createSoundInternal             : exinfo->fileoffset         = 37984
[LOG] SystemI::createSoundInternal             : exinfo->numsubsounds       = 1
[LOG] SystemI::createSoundInternal             : exinfo->inclusionlist      = 0x16d71a7c4
[LOG] SystemI::createSoundInternal             : exinfo->inclusionlistnum   = 1
[LOG] SystemI::createSoundInternal             : exinfo->suggestedsoundtype = 5
[LOG] SystemI::createSoundInternal             : exinfo->useropen           = 0x3a5deb694
[LOG] SystemI::createSoundInternal             : exinfo->userclose          = 0x3a5deb768
[LOG] SystemI::createSoundInternal             : exinfo->userread           = 0x3a5deb7a4
[LOG] SystemI::createSoundInternal             : exinfo->userseek           = 0x3a5deb874
[LOG] SystemI::createSoundInternal             : exinfo->fileuserdata       = 0x162de0e08
[LOG] SystemI::createSoundInternal             : exinfo->initialseekpostype = 1
[LOG] SystemI::DSPCodecPoolRegister            : register codec pool for pool type 4
[LOG] SystemI::createSoundInternal             : Sample 0/1: name='Dialogue_Owl_05', format=5, channels=2, frequency=48000, lengthbytes=1888, lengthpcm=7034, pcmblocksize=0, loopstart=0, loopend=0, mode=0x00000000, channelmask=0x00000000, channelorder=0, peakvolume=0.041229.
[LOG] SystemI::createSoundInternal             : Create name='', mode=0x02000202
[LOG] SystemI::createSoundInternal             : exinfo->cbsize             = 224
[LOG] SystemI::createSoundInternal             : exinfo->length             = 17260352
[LOG] SystemI::createSoundInternal             : exinfo->fileoffset         = 37984
[LOG] SystemI::createSoundInternal             : exinfo->numsubsounds       = 1
[LOG] SystemI::createSoundInternal             : exinfo->inclusionlist      = 0x16d71a7c4
[LOG] SystemI::createSoundInternal             : exinfo->inclusionlistnum   = 1
[LOG] SystemI::createSoundInternal             : exinfo->suggestedsoundtype = 5
[LOG] SystemI::createSoundInternal             : exinfo->useropen           = 0x3a5deb694
[LOG] SystemI::createSoundInternal             : exinfo->userclose          = 0x3a5deb768
[LOG] SystemI::createSoundInternal             : exinfo->userread           = 0x3a5deb7a4
[LOG] SystemI::createSoundInternal             : exinfo->userseek           = 0x3a5deb874
[LOG] SystemI::createSoundInternal             : exinfo->fileuserdata       = 0x162de0e08
[LOG] SystemI::createSoundInternal             : exinfo->initialseekpostype = 1
[LOG] SystemI::DSPCodecPoolRegister            : register codec pool for pool type 4
[LOG] SystemI::createSoundInternal             : Sample 0/1: name='Dialogue_Owl_02', format=5, channels=2, frequency=48000, lengthbytes=9152, lengthpcm=37207, pcmblocksize=0, loopstart=0, loopend=0, mode=0x00000000, channelmask=0x00000000, channelorder=0, peakvolume=0.091858.
[LOG] SystemI::createSoundInternal             : Create name='', mode=0x02000202
[LOG] SystemI::createSoundInternal             : exinfo->cbsize             = 224
[LOG] SystemI::createSoundInternal             : exinfo->length             = 17260352
[LOG] SystemI::createSoundInternal             : exinfo->fileoffset         = 37984
[LOG] SystemI::createSoundInternal             : exinfo->numsubsounds       = 1
[LOG] SystemI::createSoundInternal             : exinfo->inclusionlist      = 0x16d71a7c4
[LOG] SystemI::createSoundInternal             : exinfo->inclusionlistnum   = 1
[LOG] SystemI::createSoundInternal             : exinfo->suggestedsoundtype = 5
[LOG] SystemI::createSoundInternal             : exinfo->useropen           = 0x3a5deb694
[LOG] SystemI::createSoundInternal             : exinfo->userclose          = 0x3a5deb768
[LOG] SystemI::createSoundInternal             : exinfo->userread           = 0x3a5deb7a4
[LOG] SystemI::createSoundInternal             : exinfo->userseek           = 0x3a5deb874
[LOG] SystemI::createSoundInternal             : exinfo->fileuserdata       = 0x162de0e08
[LOG] SystemI::createSoundInternal             : exinfo->initialseekpostype = 1
[LOG] SystemI::DSPCodecPoolRegister            : register codec pool for pool type 4
[LOG] SystemI::createSoundInternal             : Sample 0/1: name='Dialogue_Owl_07', format=5, channels=2, frequency=48000, lengthbytes=6176, lengthpcm=27065, pcmblocksize=0, loopstart=0, loopend=0, mode=0x00000000, channelmask=0x00000000, channelorder=0, peakvolume=0.075928.
[LOG] SystemI::createSoundInternal             : Create name='', mode=0x02000202
[LOG] SystemI::createSoundInternal             : exinfo->cbsize             = 224
[LOG] SystemI::createSoundInternal             : exinfo->length             = 17260352
[LOG] SystemI::createSoundInternal             : exinfo->fileoffset         = 37984
[LOG] SystemI::createSoundInternal             : exinfo->numsubsounds       = 1
[LOG] SystemI::createSoundInternal             : exinfo->inclusionlist      = 0x16d71a7c4
[LOG] SystemI::createSoundInternal             : exinfo->inclusionlistnum   = 1
[LOG] SystemI::createSoundInternal             : exinfo->suggestedsoundtype = 5
[LOG] SystemI::createSoundInternal             : exinfo->useropen           = 0x3a5deb694
[LOG] SystemI::createSoundInternal             : exinfo->userclose          = 0x3a5deb768
[LOG] SystemI::createSoundInternal             : exinfo->userread           = 0x3a5deb7a4
[LOG] SystemI::createSoundInternal             : exinfo->userseek           = 0x3a5deb874
[LOG] SystemI::createSoundInternal             : exinfo->fileuserdata       = 0x162de0e08
[LOG] SystemI::createSoundInternal             : exinfo->initialseekpostype = 1
[LOG] SystemI::DSPCodecPoolRegister            : register codec pool for pool type 4
[LOG] SystemI::createSoundInternal             : Sample 0/1: name='Dialogue_Owl_03', format=5, channels=2, frequency=48000, lengthbytes=5088, lengthpcm=20429, pcmblocksize=0, loopstart=0, loopend=0, mode=0x00000000, channelmask=0x00000000, channelorder=0, peakvolume=0.086060.
[LOG] SystemI::createSoundInternal             : Create name='', mode=0x02000202
[LOG] SystemI::createSoundInternal             : exinfo->cbsize             = 224
[LOG] SystemI::createSoundInternal             : exinfo->length             = 17260352
[LOG] SystemI::createSoundInternal             : exinfo->fileoffset         = 37984
[LOG] SystemI::createSoundInternal             : exinfo->numsubsounds       = 1
[LOG] SystemI::createSoundInternal             : exinfo->inclusionlist      = 0x16d71a7c4
[LOG] SystemI::createSoundInternal             : exinfo->inclusionlistnum   = 1
[LOG] SystemI::createSoundInternal             : exinfo->suggestedsoundtype = 5
[LOG] SystemI::createSoundInternal             : exinfo->useropen           = 0x3a5deb694
[LOG] SystemI::createSoundInternal             : exinfo->userclose          = 0x3a5deb768
[LOG] SystemI::createSoundInternal             : exinfo->userread           = 0x3a5deb7a4
[LOG] SystemI::createSoundInternal             : exinfo->userseek           = 0x3a5deb874
[LOG] SystemI::createSoundInternal             : exinfo->fileuserdata       = 0x162de0e08
[LOG] SystemI::createSoundInternal             : exinfo->initialseekpostype = 1
[LOG] SystemI::DSPCodecPoolRegister            : register codec pool for pool type 4
[LOG] SystemI::createSoundInternal             : Sample 0/1: name='Dialogue_Owl_01', format=5, channels=2, frequency=48000, lengthbytes=4288, lengthpcm=16912, pcmblocksize=0, loopstart=0, loopend=0, mode=0x00000000, channelmask=0x00000000, channelorder=0, peakvolume=0.076599.
[LOG] SystemI::createSoundInternal             : Create name='', mode=0x02000202
[LOG] SystemI::createSoundInternal             : exinfo->cbsize             = 224
[LOG] SystemI::createSoundInternal             : exinfo->length             = 17260352
[LOG] SystemI::createSoundInternal             : exinfo->fileoffset         = 37984
[LOG] SystemI::createSoundInternal             : exinfo->numsubsounds       = 1
[LOG] SystemI::createSoundInternal             : exinfo->inclusionlist      = 0x16d71a7c4
[LOG] SystemI::createSoundInternal             : exinfo->inclusionlistnum   = 1
[LOG] SystemI::createSoundInternal             : exinfo->suggestedsoundtype = 5
[LOG] SystemI::createSoundInternal             : exinfo->useropen           = 0x3a5deb694
[LOG] SystemI::createSoundInternal             : exinfo->userclose          = 0x3a5deb768
[LOG] SystemI::createSoundInternal             : exinfo->userread           = 0x3a5deb7a4
[LOG] SystemI::createSoundInternal             : exinfo->userseek           = 0x3a5deb874
[LOG] SystemI::createSoundInternal             : exinfo->fileuserdata       = 0x162de0e08
[LOG] SystemI::createSoundInternal             : exinfo->initialseekpostype = 1
[LOG] SystemI::DSPCodecPoolRegister            : register codec pool for pool type 4
[LOG] SystemI::createSoundInternal             : Sample 0/1: name='Dialogue_Owl_08', format=5, channels=2, frequency=48000, lengthbytes=5184, lengthpcm=20429, pcmblocksize=0, loopstart=0, loopend=0, mode=0x00000000, channelmask=0x00000000, channelorder=0, peakvolume=0.095612.
[LOG] SoundI::release                          :  (0x1458871e8)
[LOG] SoundI::release                          :     Dialogue_Frog_12 (0x3954906e8)
[LOG] SoundI::release                          :  (0x31ffd7bf8)
[LOG] SoundI::release                          :     Dialogue_Frog_01 (0x31ff80558)
[LOG] SoundI::release                          :  (0x31eef2c98)
[LOG] SoundI::release                          :     Dialogue_Frog_02 (0x37c8776e8)
[LOG] SoundI::release                          :  (0x31ee52be8)
[LOG] SoundI::release                          :     Dialogue_Frog_03 (0x31eea7fc8)
[LOG] SoundI::release                          :  (0x395496ff8)
[LOG] SoundI::release                          :     Dialogue_Frog_04 (0x3954448c8)
[LOG] SoundI::release                          :  (0x31ff823c8)
[LOG] SoundI::release                          :     Dialogue_Frog_05 (0x31ff59fd8)
[LOG] SoundI::release                          :  (0x37c8143b8)
[LOG] SoundI::release                          :     Dialogue_Frog_06 (0x37c814508)
[LOG] SoundI::release                          :  (0x37c80b078)
[LOG] SoundI::release                          :     Dialogue_Frog_07 (0x37c81ba88)
[LOG] SoundI::release                          :  (0x31ee2aec8)
[LOG] SoundI::release                          :     Dialogue_Frog_08 (0x37c896018)
[LOG] SoundI::release                          :  (0x31ee8aaf8)
[LOG] SoundI::release                          :     Dialogue_Frog_09 (0x31eeb7dd8)
[LOG] SoundI::release                          :  (0x144edf7c8)
[LOG] SoundI::release                          :     Dialogue_Frog_10 (0x144ee4468)
[LOG] SoundI::release                          :  (0x1458f0aa8)
[LOG] SoundI::release                          :     Dialogue_Frog_11 (0x1458d19f8)
[LOG] SoundI::release                          :  (0x39a9b30b8)
[LOG] SoundI::release                          :     Dialogue_Owl_06 (0x1456e62d8)
[LOG] SoundI::release                          :  (0x1456ba1b8)
[LOG] SoundI::release                          :     Dialogue_Owl_07 (0x1456fdee8)
[LOG] SoundI::release                          :  (0x162dfde08)
[LOG] SoundI::release                          :     Dialogue_Owl_01 (0x162df4b28)
[LOG] SoundI::release                          :  (0x145655748)
[LOG] SoundI::release                          :     Dialogue_Owl_02 (0x145657048)
[LOG] SoundI::release                          :  (0x1456f1f68)
[LOG] SoundI::release                          :     Dialogue_Owl_03 (0x162d29568)
[LOG] SoundI::release                          :  (0x1456a17d8)
[LOG] SoundI::release                          :     Dialogue_Owl_05 (0x14569bab8)
[LOG] SoundI::release                          :  (0x162dd8f88)
[LOG] SoundI::release                          :     Dialogue_Owl_08 (0x162dc1b18)
[LOG] Thread::callback                         : FMOD Studio bank load thread finished.
[LOG] Thread::callback                         : FMOD Studio sample load thread finished.
[LOG] LiveUpdate::release                      : 
[LOG] LiveUpdate::reset                        : Reset connection (reason Disconnected)
[LOG] Thread::callback                         : FMOD stream thread finished.
[LOG] Thread::callback                         : FMOD mixer thread finished.
[LOG] SystemI::closeInternal                   : Closed.
